2026-05-14 23:58:39.582 INFO  [org.fly.cor.FlywayExecutor] (Quarkus Main Thread) Database: jdbc:postgresql://119.59.103.227:5432/appdb (PostgreSQL 16.13)
2026-05-14 23:58:39.586 INFO  [org.fly.cor.int.res.ResourceNameValidator] (Quarkus Main Thread) 1 SQL migrations were detected but not run because they did not follow the filename convention.
2026-05-14 23:58:39.587 INFO  [org.fly.cor.int.res.ResourceNameValidator] (Quarkus Main Thread) Set 'validateMigrationNaming' to true to fail fast and see a list of the invalid file names.
2026-05-14 23:58:39.884 INFO  [org.fly.cor.int.com.DbValidate] (Quarkus Main Thread) Successfully validated 8 migrations (execution time 00:00.103s)
2026-05-14 23:58:40.258 INFO  [org.fly.cor.int.com.DbMigrate] (Quarkus Main Thread) Current version of schema "public": 8
2026-05-14 23:58:40.280 INFO  [org.fly.cor.int.com.DbMigrate] (Quarkus Main Thread) Schema "public" is up to date. No migration necessary.
2026-05-14 23:58:41.212 INFO  [io.quarkus] (Quarkus Main Thread) react-quarkus-minio 1.0.0-SNAPSHOT on JVM (powered by Quarkus 3.35.2) started in 6.257s. Listening on: http://0.0.0.0:8080
2026-05-14 23:58:41.213 INFO  [io.quarkus] (Quarkus Main Thread) Profile dev activated. Live Coding activated.
2026-05-14 23:58:41.213 INFO  [io.quarkus] (Quarkus Main Thread) Installed features: [agroal, cdi, compose, flyway, hibernate-orm, hibernate-orm-panache, hibernate-validator, jdbc-postgresql, narayana-jta, rest, rest-client, rest-client-jackson, rest-jackson, security, smallrye-context-propagation, smallrye-health, smallrye-jwt, smallrye-openapi, swagger-ui, vertx]
2026-05-14 23:58:54.446 WARN  [io.sma.jwt.config] (vert.x-eventloop-thread-1) SRJWT03007: Public key is configured but either the secret key or key location are also configured and will be ignored
2026-05-14 23:58:54.466 INFO  [com.api.pub.ser.PublicSiteService] (executor-thread-1) Fetching full public site from DB, siteKey=panpan
2026-05-14 23:58:54.467 INFO  [com.api.pub.ser.PublicSiteService] (executor-thread-1) Fetching public site from DB, siteKey=panpan
2026-05-14 23:58:54.728 INFO  [com.api.pub.ser.PublicSiteService] (executor-thread-1) Fetching public hero from DB, siteKey=panpan
2026-05-14 23:58:54.768 INFO  [com.api.pub.ser.PublicSiteService] (executor-thread-1) Fetching public countdown from DB, siteKey=panpan
2026-05-14 23:58:54.781 INFO  [com.api.pub.ser.PublicSiteService] (executor-thread-1) Fetching public memories from DB, siteKey=panpan
2026-05-14 23:58:54.857 INFO  [com.api.pub.ser.PublicSiteService] (executor-thread-1) Fetching public gallery from DB, siteKey=panpan
2026-05-14 23:58:54.899 INFO  [com.api.pub.ser.PublicSiteService] (executor-thread-1) Fetching public love letter from DB, siteKey=panpan
2026-05-14 23:58:54.913 INFO  [com.api.pub.ser.PublicSiteService] (executor-thread-1) Fetching public final surprise from DB, siteKey=panpan
2026-05-14 23:59:09.773 INFO  [com.api.adm.ser.AdminContentService] (executor-thread-1) Updated final surprise, id=e8c9adf2-ed98-4d1b-bedc-ff6e8e0bd386
2026-05-14 23:59:12.220 INFO  [com.api.pub.ser.PublicSiteService] (executor-thread-1) Fetching full public site from DB, siteKey=panpan
2026-05-14 23:59:12.221 INFO  [com.api.pub.ser.PublicSiteService] (executor-thread-1) Fetching public site from DB, siteKey=panpan
2026-05-14 23:59:12.236 INFO  [com.api.pub.ser.PublicSiteService] (executor-thread-1) Fetching public hero from DB, siteKey=panpan
2026-05-14 23:59:12.281 INFO  [com.api.pub.ser.PublicSiteService] (executor-thread-1) Fetching public countdown from DB, siteKey=panpan
2026-05-14 23:59:12.309 INFO  [com.api.pub.ser.PublicSiteService] (executor-thread-1) Fetching public memories from DB, siteKey=panpan
2026-05-14 23:59:12.350 INFO  [com.api.pub.ser.PublicSiteService] (executor-thread-1) Fetching public gallery from DB, siteKey=panpan
2026-05-14 23:59:12.399 INFO  [com.api.pub.ser.PublicSiteService] (executor-thread-1) Fetching public love letter from DB, siteKey=panpan
2026-05-14 23:59:12.423 INFO  [com.api.pub.ser.PublicSiteService] (executor-thread-1) Fetching public final surprise from DB, siteKey=panpan
2026-05-14 23:59:12.469 WARN  [com.api.pub.ser.PublicSiteService] (executor-thread-1) Optional public section not found: Final surprise not found: panpan
2026-05-14 23:59:18.274 INFO  [com.api.pub.ser.PublicSiteService] (executor-thread-1) Fetching full public site from DB, siteKey=panpan
2026-05-14 23:59:18.275 INFO  [com.api.pub.ser.PublicSiteService] (executor-thread-1) Fetching public site from DB, siteKey=panpan
2026-05-14 23:59:18.593 INFO  [com.api.pub.ser.PublicSiteService] (executor-thread-1) Fetching public hero from DB, siteKey=panpan
2026-05-14 23:59:19.276 INFO  [com.api.pub.ser.PublicSiteService] (executor-thread-1) Fetching public countdown from DB, siteKey=panpan
2026-05-14 23:59:19.301 INFO  [com.api.pub.ser.PublicSiteService] (executor-thread-1) Fetching public memories from DB, siteKey=panpan
2026-05-14 23:59:19.338 INFO  [com.api.pub.ser.PublicSiteService] (executor-thread-1) Fetching public gallery from DB, siteKey=panpan
2026-05-14 23:59:19.382 INFO  [com.api.pub.ser.PublicSiteService] (executor-thread-1) Fetching public love letter from DB, siteKey=panpan
2026-05-14 23:59:19.407 INFO  [com.api.pub.ser.PublicSiteService] (executor-thread-1) Fetching public final surprise from DB, siteKey=panpan
2026-05-14 23:59:19.432 WARN  [com.api.pub.ser.PublicSiteService] (executor-thread-1) Optional public section not found: Final surprise not found: panpan
2026-05-14 23:59:32.767 INFO  [com.api.adm.ser.AdminContentService] (executor-thread-1) Updated final surprise, id=e8c9adf2-ed98-4d1b-bedc-ff6e8e0bd386
2026-05-14 23:59:35.655 INFO  [com.api.pub.ser.PublicSiteService] (executor-thread-1) Fetching full public site from DB, siteKey=panpan
2026-05-14 23:59:35.656 INFO  [com.api.pub.ser.PublicSiteService] (executor-thread-1) Fetching public site from DB, siteKey=panpan
2026-05-14 23:59:35.678 INFO  [com.api.pub.ser.PublicSiteService] (executor-thread-1) Fetching public hero from DB, siteKey=panpan
2026-05-14 23:59:35.719 INFO  [com.api.pub.ser.PublicSiteService] (executor-thread-1) Fetching public countdown from DB, siteKey=panpan
2026-05-14 23:59:35.733 INFO  [com.api.pub.ser.PublicSiteService] (executor-thread-1) Fetching public memories from DB, siteKey=panpan
2026-05-14 23:59:35.769 INFO  [com.api.pub.ser.PublicSiteService] (executor-thread-1) Fetching public gallery from DB, siteKey=panpan
2026-05-14 23:59:35.799 INFO  [com.api.pub.ser.PublicSiteService] (executor-thread-1) Fetching public love letter from DB, siteKey=panpan
2026-05-14 23:59:35.811 INFO  [com.api.pub.ser.PublicSiteService] (executor-thread-1) Fetching public final surprise from DB, siteKey=panpan
2026-05-15 00:00:14.956 INFO  [com.api.pub.ser.PublicSiteService] (executor-thread-1) Fetching full public site from DB, siteKey=panpan
2026-05-15 00:00:14.957 INFO  [com.api.pub.ser.PublicSiteService] (executor-thread-1) Fetching public site from DB, siteKey=panpan
2026-05-15 00:00:14.976 INFO  [com.api.pub.ser.PublicSiteService] (executor-thread-1) Fetching public hero from DB, siteKey=panpan
2026-05-15 00:00:15.132 INFO  [com.api.pub.ser.PublicSiteService] (executor-thread-1) Fetching public countdown from DB, siteKey=panpan
2026-05-15 00:00:15.195 INFO  [com.api.pub.ser.PublicSiteService] (executor-thread-1) Fetching public memories from DB, siteKey=panpan
2026-05-15 00:00:15.398 INFO  [com.api.pub.ser.PublicSiteService] (executor-thread-1) Fetching public gallery from DB, siteKey=panpan
2026-05-15 00:00:15.670 INFO  [com.api.pub.ser.PublicSiteService] (executor-thread-1) Fetching public love letter from DB, siteKey=panpan
2026-05-15 00:00:15.753 INFO  [com.api.pub.ser.PublicSiteService] (executor-thread-1) Fetching public final surprise from DB, siteKey=panpan
2026-05-15 00:05:08.107 INFO  [com.api.pub.ser.PublicSiteService] (executor-thread-1) Fetching full public site from DB, siteKey=panpan
2026-05-15 00:05:08.110 INFO  [com.api.pub.ser.PublicSiteService] (executor-thread-1) Fetching public site from DB, siteKey=panpan
2026-05-15 00:05:08.148 INFO  [com.api.pub.ser.PublicSiteService] (executor-thread-1) Fetching public hero from DB, siteKey=panpan
2026-05-15 00:05:08.177 INFO  [com.api.pub.ser.PublicSiteService] (executor-thread-1) Fetching public countdown from DB, siteKey=panpan
2026-05-15 00:05:08.189 INFO  [com.api.pub.ser.PublicSiteService] (executor-thread-1) Fetching public memories from DB, siteKey=panpan
2026-05-15 00:05:08.218 INFO  [com.api.pub.ser.PublicSiteService] (executor-thread-1) Fetching public gallery from DB, siteKey=panpan
2026-05-15 00:05:08.246 INFO  [com.api.pub.ser.PublicSiteService] (executor-thread-1) Fetching public love letter from DB, siteKey=panpan
2026-05-15 00:05:08.258 INFO  [com.api.pub.ser.PublicSiteService] (executor-thread-1) Fetching public final surprise from DB, siteKey=panpan
2026-05-15 00:05:50.658 INFO  [com.api.adm.ser.AdminContentService] (executor-thread-1) Updated final surprise, id=e8c9adf2-ed98-4d1b-bedc-ff6e8e0bd386
2026-05-15 00:05:51.703 INFO  [com.api.adm.ser.AdminContentService] (executor-thread-1) Updated final surprise, id=e8c9adf2-ed98-4d1b-bedc-ff6e8e0bd386
2026-05-15 00:09:27.028 INFO  [com.api.pub.ser.PublicSiteService] (executor-thread-1) Fetching full public site from DB, siteKey=panpan
2026-05-15 00:09:27.030 INFO  [com.api.pub.ser.PublicSiteService] (executor-thread-1) Fetching public site from DB, siteKey=panpan
2026-05-15 00:09:27.065 INFO  [com.api.pub.ser.PublicSiteService] (executor-thread-1) Fetching public hero from DB, siteKey=panpan
2026-05-15 00:09:27.125 INFO  [com.api.pub.ser.PublicSiteService] (executor-thread-1) Fetching public countdown from DB, siteKey=panpan
2026-05-15 00:09:27.147 INFO  [com.api.pub.ser.PublicSiteService] (executor-thread-1) Fetching public memories from DB, siteKey=panpan
2026-05-15 00:09:27.170 INFO  [com.api.pub.ser.PublicSiteService] (executor-thread-1) Fetching public gallery from DB, siteKey=panpan
2026-05-15 00:09:27.196 INFO  [com.api.pub.ser.PublicSiteService] (executor-thread-1) Fetching public love letter from DB, siteKey=panpan
2026-05-15 00:09:27.211 INFO  [com.api.pub.ser.PublicSiteService] (executor-thread-1) Fetching public final surprise from DB, siteKey=panpan
2026-05-15 00:09:37.413 INFO  [com.api.pub.ser.PublicSiteService] (executor-thread-1) Fetching full public site from DB, siteKey=panpan
2026-05-15 00:09:37.413 INFO  [com.api.pub.ser.PublicSiteService] (executor-thread-1) Fetching public site from DB, siteKey=panpan
2026-05-15 00:09:37.437 INFO  [com.api.pub.ser.PublicSiteService] (executor-thread-1) Fetching public hero from DB, siteKey=panpan
2026-05-15 00:09:37.566 INFO  [com.api.pub.ser.PublicSiteService] (executor-thread-1) Fetching public countdown from DB, siteKey=panpan
2026-05-15 00:09:37.615 INFO  [com.api.pub.ser.PublicSiteService] (executor-thread-1) Fetching public memories from DB, siteKey=panpan
2026-05-15 00:09:37.760 INFO  [com.api.pub.ser.PublicSiteService] (executor-thread-1) Fetching public gallery from DB, siteKey=panpan
2026-05-15 00:09:37.863 INFO  [com.api.pub.ser.PublicSiteService] (executor-thread-1) Fetching public love letter from DB, siteKey=panpan
2026-05-15 00:09:37.893 INFO  [com.api.pub.ser.PublicSiteService] (executor-thread-1) Fetching public final surprise from DB, siteKey=panpan
2026-05-15 00:09:37.941 INFO  [com.api.pub.ser.PublicSiteService] (executor-thread-1) Fetching full public site from DB, siteKey=panpan
2026-05-15 00:09:37.942 INFO  [com.api.pub.ser.PublicSiteService] (executor-thread-1) Fetching public site from DB, siteKey=panpan
2026-05-15 00:09:37.957 INFO  [com.api.pub.ser.PublicSiteService] (executor-thread-1) Fetching public hero from DB, siteKey=panpan
2026-05-15 00:09:38.019 INFO  [com.api.pub.ser.PublicSiteService] (executor-thread-1) Fetching public countdown from DB, siteKey=panpan
2026-05-15 00:09:38.042 INFO  [com.api.pub.ser.PublicSiteService] (executor-thread-1) Fetching public memories from DB, siteKey=panpan
2026-05-15 00:09:38.195 INFO  [com.api.pub.ser.PublicSiteService] (executor-thread-1) Fetching public gallery from DB, siteKey=panpan
2026-05-15 00:09:38.255 INFO  [com.api.pub.ser.PublicSiteService] (executor-thread-1) Fetching public love letter from DB, siteKey=panpan
2026-05-15 00:09:38.403 INFO  [com.api.pub.ser.PublicSiteService] (executor-thread-1) Fetching public final surprise from DB, siteKey=panpan
2026-05-15 00:12:38.452 INFO  [com.api.pub.ser.PublicSiteService] (executor-thread-1) Fetching full public site from DB, siteKey=panpan
2026-05-15 00:12:38.457 INFO  [com.api.pub.ser.PublicSiteService] (executor-thread-1) Fetching public site from DB, siteKey=panpan
2026-05-15 00:12:38.487 INFO  [com.api.pub.ser.PublicSiteService] (executor-thread-1) Fetching public hero from DB, siteKey=panpan
2026-05-15 00:12:38.518 INFO  [com.api.pub.ser.PublicSiteService] (executor-thread-1) Fetching public countdown from DB, siteKey=panpan
2026-05-15 00:12:38.532 INFO  [com.api.pub.ser.PublicSiteService] (executor-thread-1) Fetching public memories from DB, siteKey=panpan
2026-05-15 00:12:38.561 INFO  [com.api.pub.ser.PublicSiteService] (executor-thread-1) Fetching public gallery from DB, siteKey=panpan
2026-05-15 00:12:38.592 INFO  [com.api.pub.ser.PublicSiteService] (executor-thread-1) Fetching public love letter from DB, siteKey=panpan
2026-05-15 00:12:38.604 INFO  [com.api.pub.ser.PublicSiteService] (executor-thread-1) Fetching public final surprise from DB, siteKey=panpan
2026-05-15 00:12:38.642 INFO  [com.api.pub.ser.PublicSiteService] (executor-thread-1) Fetching full public site from DB, siteKey=panpan
2026-05-15 00:12:38.643 INFO  [com.api.pub.ser.PublicSiteService] (executor-thread-1) Fetching public site from DB, siteKey=panpan
2026-05-15 00:12:38.662 INFO  [com.api.pub.ser.PublicSiteService] (executor-thread-1) Fetching public hero from DB, siteKey=panpan
2026-05-15 00:12:38.689 INFO  [com.api.pub.ser.PublicSiteService] (executor-thread-1) Fetching public countdown from DB, siteKey=panpan
2026-05-15 00:12:38.701 INFO  [com.api.pub.ser.PublicSiteService] (executor-thread-1) Fetching public memories from DB, siteKey=panpan
2026-05-15 00:12:38.727 INFO  [com.api.pub.ser.PublicSiteService] (executor-thread-1) Fetching public gallery from DB, siteKey=panpan
2026-05-15 00:12:38.756 INFO  [com.api.pub.ser.PublicSiteService] (executor-thread-1) Fetching public love letter from DB, siteKey=panpan
2026-05-15 00:12:38.767 INFO  [com.api.pub.ser.PublicSiteService] (executor-thread-1) Fetching public final surprise from DB, siteKey=panpan
2026-05-15 00:12:51.895 INFO  [com.api.adm.ser.AdminContentService] (executor-thread-1) Updated final surprise, id=e8c9adf2-ed98-4d1b-bedc-ff6e8e0bd386
2026-05-15 00:12:55.652 INFO  [com.api.pub.ser.PublicSiteService] (executor-thread-1) Fetching full public site from DB, siteKey=panpan
2026-05-15 00:12:55.653 INFO  [com.api.pub.ser.PublicSiteService] (executor-thread-1) Fetching public site from DB, siteKey=panpan
2026-05-15 00:12:55.669 INFO  [com.api.pub.ser.PublicSiteService] (executor-thread-1) Fetching public hero from DB, siteKey=panpan
2026-05-15 00:12:55.697 INFO  [com.api.pub.ser.PublicSiteService] (executor-thread-1) Fetching public countdown from DB, siteKey=panpan
2026-05-15 00:12:55.711 INFO  [com.api.pub.ser.PublicSiteService] (executor-thread-1) Fetching public memories from DB, siteKey=panpan
2026-05-15 00:12:55.731 INFO  [com.api.pub.ser.PublicSiteService] (executor-thread-1) Fetching public gallery from DB, siteKey=panpan
2026-05-15 00:12:55.757 INFO  [com.api.pub.ser.PublicSiteService] (executor-thread-1) Fetching public love letter from DB, siteKey=panpan
2026-05-15 00:12:55.769 INFO  [com.api.pub.ser.PublicSiteService] (executor-thread-1) Fetching public final surprise from DB, siteKey=panpan
2026-05-15 00:12:55.779 WARN  [com.api.pub.ser.PublicSiteService] (executor-thread-1) Optional public section not found: Final surprise not found: panpan
2026-05-15 00:12:55.787 INFO  [com.api.pub.ser.PublicSiteService] (executor-thread-1) Fetching full public site from DB, siteKey=panpan
2026-05-15 00:12:55.788 INFO  [com.api.pub.ser.PublicSiteService] (executor-thread-1) Fetching public site from DB, siteKey=panpan
2026-05-15 00:12:55.799 INFO  [com.api.pub.ser.PublicSiteService] (executor-thread-1) Fetching public hero from DB, siteKey=panpan
2026-05-15 00:12:55.826 INFO  [com.api.pub.ser.PublicSiteService] (executor-thread-1) Fetching public countdown from DB, siteKey=panpan
2026-05-15 00:12:55.840 INFO  [com.api.pub.ser.PublicSiteService] (executor-thread-1) Fetching public memories from DB, siteKey=panpan
2026-05-15 00:12:55.868 INFO  [com.api.pub.ser.PublicSiteService] (executor-thread-1) Fetching public gallery from DB, siteKey=panpan
2026-05-15 00:12:55.896 INFO  [com.api.pub.ser.PublicSiteService] (executor-thread-1) Fetching public love letter from DB, siteKey=panpan
2026-05-15 00:12:55.907 INFO  [com.api.pub.ser.PublicSiteService] (executor-thread-1) Fetching public final surprise from DB, siteKey=panpan
2026-05-15 00:12:55.920 WARN  [com.api.pub.ser.PublicSiteService] (executor-thread-1) Optional public section not found: Final surprise not found: panpan
2026-05-15 00:16:17.351 INFO  [io.quarkus] (Shutdown thread) react-quarkus-minio stopped in 0.078s
